# JRE version: Java(TM) SE Runtime Environment (7.0_80-b15) (build 1.7.0_80-b15)
# Java VM: Java HotSpot(TM) 64-Bit Server VM (24.80-b11 mixed mode windows-amd64 compressed oops)
Heap
 PSYoungGen      total 405504K, used 287225K [0x00000007d5c00000, 0x00000007fb600000, 0x0000000800000000)
  eden space 312832K, 67% used [0x00000007d5c00000,0x00000007e29dee90,0x00000007e8d80000)
  from space 92672K, 82% used [0x00000007e8d80000,0x00000007ed81f5c0,0x00000007ee800000)
  to   space 102400K, 0% used [0x00000007f5200000,0x00000007f5200000,0x00000007fb600000)
 ParOldGen       total 140800K, used 85550K [0x0000000781400000, 0x0000000789d80000, 0x00000007d5c00000)
  object space 140800K, 60% used [0x0000000781400000,0x000000078678ba08,0x0000000789d80000)
 PSPermGen       total 39936K, used 28525K [0x000000077c200000, 0x000000077e900000, 0x0000000781400000)
  object space 39936K, 71% used [0x000000077c200000,0x000000077dddb4a0,0x000000077e900000)
GC Heap History (10 events):
Event: 33.844 GC heap before
{Heap before GC invocations=18 (full 0):
 PSYoungGen      total 218112K, used 218112K [0x00000007d5c00000, 0x00000007eb680000, 0x0000000800000000)
  eden space 177152K, 100% used [0x00000007d5c00000,0x00000007e0900000,0x00000007e0900000)
  from space 40960K, 100% used [0x00000007e0900000,0x00000007e3100000,0x00000007e3100000)
  to   space 53248K, 0% used [0x00000007e8280000,0x00000007e8280000,0x00000007eb680000)
 ParOldGen       total 86528K, used 51920K [0x0000000781400000, 0x0000000786880000, 0x00000007d5c00000)
  object space 86528K, 60% used [0x0000000781400000,0x00000007846b4010,0x0000000786880000)
 PSPermGen       total 21504K, used 19948K [0x000000077c200000, 0x000000077d700000, 0x0000000781400000)
  object space 21504K, 92% used [0x000000077c200000,0x000000077d57b340,0x000000077d700000)
Event: 33.987 GC heap after
Heap after GC invocations=18 (full 0):
 PSYoungGen      total 290304K, used 53248K [0x00000007d5c00000, 0x00000007ecc80000, 0x0000000800000000)
  eden space 237056K, 0% used [0x00000007d5c00000,0x00000007d5c00000,0x00000007e4380000)
  from space 53248K, 100% used [0x00000007e8280000,0x00000007eb680000,0x00000007eb680000)
  to   space 64512K, 0% used [0x00000007e4380000,0x00000007e4380000,0x00000007e8280000)
 ParOldGen       total 86528K, used 57940K [0x0000000781400000, 0x0000000786880000, 0x00000007d5c00000)
  object space 86528K, 66% used [0x0000000781400000,0x0000000784c95160,0x0000000786880000)
 PSPermGen       total 21504K, used 19948K [0x000000077c200000, 0x000000077d700000, 0x0000000781400000)
  object space 21504K, 92% used [0x000000077c200000,0x000000077d57b340,0x000000077d700000)
}
Event: 37.040 GC heap before
{Heap before GC invocations=19 (full 0):
 PSYoungGen      total 290304K, used 290304K [0x00000007d5c00000, 0x00000007ecc80000, 0x0000000800000000)
  eden space 237056K, 100% used [0x00000007d5c00000,0x00000007e4380000,0x00000007e4380000)
  from space 53248K, 100% used [0x00000007e8280000,0x00000007eb680000,0x00000007eb680000)
  to   space 64512K, 0% used [0x00000007e4380000,0x00000007e4380000,0x00000007e8280000)
 ParOldGen       total 86528K, used 57940K [0x0000000781400000, 0x0000000786880000, 0x00000007d5c00000)
  object space 86528K, 66% used [0x0000000781400000,0x0000000784c95160,0x0000000786880000)
 PSPermGen       total 21504K, used 19952K [0x000000077c200000, 0x000000077d700000, 0x0000000781400000)
  object space 21504K, 92% used [0x000000077c200000,0x000000077d57c258,0x000000077d700000)
Event: 37.232 GC heap after
Heap after GC invocations=19 (full 0):
 PSYoungGen      total 301568K, used 64512K [0x00000007d5c00000, 0x00000007f3e80000, 0x0000000800000000)
  eden space 237056K, 0% used [0x00000007d5c00000,0x00000007d5c00000,0x00000007e4380000)
  from space 64512K, 100% used [0x00000007e4380000,0x00000007e8280000,0x00000007e8280000)
  to   space 80896K, 0% used [0x00000007eef80000,0x00000007eef80000,0x00000007f3e80000)
 ParOldGen       total 86528K, used 73349K [0x0000000781400000, 0x0000000786880000, 0x00000007d5c00000)
  object space 86528K, 84% used [0x0000000781400000,0x0000000785ba1520,0x0000000786880000)
 PSPermGen       total 21504K, used 19952K [0x000000077c200000, 0x000000077d700000, 0x0000000781400000)
  object space 21504K, 92% used [0x000000077c200000,0x000000077d57c258,0x000000077d700000)
}
Event: 37.232 GC heap before
{Heap before GC invocations=20 (full 1):
 PSYoungGen      total 301568K, used 64512K [0x00000007d5c00000, 0x00000007f3e80000, 0x0000000800000000)
  eden space 237056K, 0% used [0x00000007d5c00000,0x00000007d5c00000,0x00000007e4380000)
  from space 64512K, 100% used [0x00000007e4380000,0x00000007e8280000,0x00000007e8280000)
  to   space 80896K, 0% used [0x00000007eef80000,0x00000007eef80000,0x00000007f3e80000)
 ParOldGen       total 86528K, used 73349K [0x0000000781400000, 0x0000000786880000, 0x00000007d5c00000)
  object space 86528K, 84% used [0x0000000781400000,0x0000000785ba1520,0x0000000786880000)
 PSPermGen       total 21504K, used 19952K [0x000000077c200000, 0x000000077d700000, 0x0000000781400000)
  object space 21504K, 92% used [0x000000077c200000,0x000000077d57c258,0x000000077d700000)
Event: 37.720 GC heap after
Heap after GC invocations=20 (full 1):
 PSYoungGen      total 301568K, used 0K [0x00000007d5c00000, 0x00000007f3e80000, 0x0000000800000000)
  eden space 237056K, 0% used [0x00000007d5c00000,0x00000007d5c00000,0x00000007e4380000)
  from space 64512K, 0% used [0x00000007e4380000,0x00000007e4380000,0x00000007e8280000)
  to   space 80896K, 0% used [0x00000007eef80000,0x00000007eef80000,0x00000007f3e80000)
 ParOldGen       total 140800K, used 84734K [0x0000000781400000, 0x0000000789d80000, 0x00000007d5c00000)
  object space 140800K, 60% used [0x0000000781400000,0x00000007866bfa08,0x0000000789d80000)
 PSPermGen       total 39936K, used 19945K [0x000000077c200000, 0x000000077e900000, 0x0000000781400000)
  object space 39936K, 49% used [0x000000077c200000,0x000000077d57a6c0,0x000000077e900000)
}
Event: 41.521 GC heap before
{Heap before GC invocations=21 (full 1):
 PSYoungGen      total 301568K, used 237056K [0x00000007d5c00000, 0x00000007f3e80000, 0x0000000800000000)
  eden space 237056K, 100% used [0x00000007d5c00000,0x00000007e4380000,0x00000007e4380000)
  from space 64512K, 0% used [0x00000007e4380000,0x00000007e4380000,0x00000007e8280000)
  to   space 80896K, 0% used [0x00000007eef80000,0x00000007eef80000,0x00000007f3e80000)
 ParOldGen       total 140800K, used 84734K [0x0000000781400000, 0x0000000789d80000, 0x00000007d5c00000)
  object space 140800K, 60% used [0x0000000781400000,0x00000007866bfa08,0x0000000789d80000)
 PSPermGen       total 39936K, used 19956K [0x000000077c200000, 0x000000077e900000, 0x0000000781400000)
  object space 39936K, 49% used [0x000000077c200000,0x000000077d57d320,0x000000077e900000)
Event: 41.710 GC heap after
Heap after GC invocations=21 (full 1):
 PSYoungGen      total 393728K, used 75572K [0x00000007d5c00000, 0x00000007f4280000, 0x0000000800000000)
  eden space 312832K, 0% used [0x00000007d5c00000,0x00000007d5c00000,0x00000007e8d80000)
  from space 80896K, 93% used [0x00000007eef80000,0x00000007f394d070,0x00000007f3e80000)
  to   space 92672K, 0% used [0x00000007e8d80000,0x00000007e8d80000,0x00000007ee800000)
 ParOldGen       total 140800K, used 84734K [0x0000000781400000, 0x0000000789d80000, 0x00000007d5c00000)
  object space 140800K, 60% used [0x0000000781400000,0x00000007866bfa08,0x0000000789d80000)
 PSPermGen       total 39936K, used 19956K [0x000000077c200000, 0x000000077e900000, 0x0000000781400000)
  object space 39936K, 49% used [0x000000077c200000,0x000000077d57d320,0x000000077e900000)
}
Event: 46.334 GC heap before
{Heap before GC invocations=22 (full 1):
 PSYoungGen      total 393728K, used 388404K [0x00000007d5c00000, 0x00000007f4280000, 0x0000000800000000)
  eden space 312832K, 100% used [0x00000007d5c00000,0x00000007e8d80000,0x00000007e8d80000)
  from space 80896K, 93% used [0x00000007eef80000,0x00000007f394d070,0x00000007f3e80000)
  to   space 92672K, 0% used [0x00000007e8d80000,0x00000007e8d80000,0x00000007ee800000)
 ParOldGen       total 140800K, used 84734K [0x0000000781400000, 0x0000000789d80000, 0x00000007d5c00000)
  object space 140800K, 60% used [0x0000000781400000,0x00000007866bfa08,0x0000000789d80000)
 PSPermGen       total 39936K, used 23230K [0x000000077c200000, 0x000000077e900000, 0x0000000781400000)
  object space 39936K, 58% used [0x000000077c200000,0x000000077d8af930,0x000000077e900000)
Event: 46.531 GC heap after
Heap after GC invocations=22 (full 1):
 PSYoungGen      total 405504K, used 76413K [0x00000007d5c00000, 0x00000007fb600000, 0x0000000800000000)
  eden space 312832K, 0% used [0x00000007d5c00000,0x00000007d5c00000,0x00000007e8d80000)
  from space 92672K, 82% used [0x00000007e8d80000,0x00000007ed81f5c0,0x00000007ee800000)
  to   space 102400K, 0% used [0x00000007f5200000,0x00000007f5200000,0x00000007fb600000)
 ParOldGen       total 140800K, used 85550K [0x0000000781400000, 0x0000000789d80000, 0x00000007d5c00000)
  object space 140800K, 60% used [0x0000000781400000,0x000000078678ba08,0x0000000789d80000)
 PSPermGen       total 39936K, used 23230K [0x000000077c200000, 0x000000077e900000, 0x0000000781400000)
  object space 39936K, 58% used [0x000000077c200000,0x000000077d8af930,0x000000077e900000)
}

