# JRE version: Java(TM) SE Runtime Environment (8.0_60-b27) (build 1.8.0_60-b27)
# Java VM: Java HotSpot(TM) 64-Bit Server VM (25.60-b23 mixed mode windows-amd64 compressed oops)
Heap:
 PSYoungGen      total 363008K, used 264439K [0x00000000d5c00000, 0x00000000fa880000, 0x0000000100000000)
  eden space 299520K, 67% used [0x00000000d5c00000,0x00000000e203de98,0x00000000e8080000)
  from space 63488K, 100% used [0x00000000e8080000,0x00000000ebe80000,0x00000000ebe80000)
  to   space 84992K, 0% used [0x00000000f5580000,0x00000000f5580000,0x00000000fa880000)
 ParOldGen       total 125952K, used 92869K [0x0000000081400000, 0x0000000088f00000, 0x00000000d5c00000)
  object space 125952K, 73% used [0x0000000081400000,0x0000000086eb1688,0x0000000088f00000)
 Metaspace       used 20377K, capacity 20588K, committed 20992K, reserved 1067008K
  class space    used 2404K, capacity 2466K, committed 2560K, reserved 1048576K
GC Heap History (10 events):
Event: 8.105 GC heap before
{Heap before GC invocations=10 (full 0):
 PSYoungGen      total 145920K, used 145920K [0x00000000d5c00000, 0x00000000e5f00000, 0x0000000100000000)
  eden space 125952K, 100% used [0x00000000d5c00000,0x00000000dd700000,0x00000000dd700000)
  from space 19968K, 100% used [0x00000000dd700000,0x00000000dea80000,0x00000000dea80000)
  to   space 31744K, 0% used [0x00000000e4000000,0x00000000e4000000,0x00000000e5f00000)
 ParOldGen       total 87552K, used 41406K [0x0000000081400000, 0x0000000086980000, 0x00000000d5c00000)
  object space 87552K, 47% used [0x0000000081400000,0x0000000083c6f890,0x0000000086980000)
 Metaspace       used 20357K, capacity 20518K, committed 20736K, reserved 1067008K
  class space    used 2403K, capacity 2465K, committed 2560K, reserved 1048576K
Event: 8.195 GC heap after
Heap after GC invocations=10 (full 0):
 PSYoungGen      total 225280K, used 31744K [0x00000000d5c00000, 0x00000000e6f00000, 0x0000000100000000)
  eden space 193536K, 0% used [0x00000000d5c00000,0x00000000d5c00000,0x00000000e1900000)
  from space 31744K, 100% used [0x00000000e4000000,0x00000000e5f00000,0x00000000e5f00000)
  to   space 39936K, 0% used [0x00000000e1900000,0x00000000e1900000,0x00000000e4000000)
 ParOldGen       total 87552K, used 49430K [0x0000000081400000, 0x0000000086980000, 0x00000000d5c00000)
  object space 87552K, 56% used [0x0000000081400000,0x0000000084445b18,0x0000000086980000)
 Metaspace       used 20357K, capacity 20518K, committed 20736K, reserved 1067008K
  class space    used 2403K, capacity 2465K, committed 2560K, reserved 1048576K
}
Event: 10.270 GC heap before
{Heap before GC invocations=11 (full 0):
 PSYoungGen      total 225280K, used 225280K [0x00000000d5c00000, 0x00000000e6f00000, 0x0000000100000000)
  eden space 193536K, 100% used [0x00000000d5c00000,0x00000000e1900000,0x00000000e1900000)
  from space 31744K, 100% used [0x00000000e4000000,0x00000000e5f00000,0x00000000e5f00000)
  to   space 39936K, 0% used [0x00000000e1900000,0x00000000e1900000,0x00000000e4000000)
 ParOldGen       total 87552K, used 49430K [0x0000000081400000, 0x0000000086980000, 0x00000000d5c00000)
  object space 87552K, 56% used [0x0000000081400000,0x0000000084445b18,0x0000000086980000)
 Metaspace       used 20368K, capacity 20524K, committed 20736K, reserved 1067008K
  class space    used 2404K, capacity 2466K, committed 2560K, reserved 1048576K
Event: 10.397 GC heap after
Heap after GC invocations=11 (full 0):
 PSYoungGen      total 233472K, used 39936K [0x00000000d5c00000, 0x00000000ef280000, 0x0000000100000000)
  eden space 193536K, 0% used [0x00000000d5c00000,0x00000000d5c00000,0x00000000e1900000)
  from space 39936K, 100% used [0x00000000e1900000,0x00000000e4000000,0x00000000e4000000)
  to   space 53248K, 0% used [0x00000000ebe80000,0x00000000ebe80000,0x00000000ef280000)
 ParOldGen       total 87552K, used 67607K [0x0000000081400000, 0x0000000086980000, 0x00000000d5c00000)
  object space 87552K, 77% used [0x0000000081400000,0x0000000085605c18,0x0000000086980000)
 Metaspace       used 20368K, capacity 20524K, committed 20736K, reserved 1067008K
  class space    used 2404K, capacity 2466K, committed 2560K, reserved 1048576K
}
Event: 14.021 GC heap before
{Heap before GC invocations=12 (full 0):
 PSYoungGen      total 233472K, used 233472K [0x00000000d5c00000, 0x00000000ef280000, 0x0000000100000000)
  eden space 193536K, 100% used [0x00000000d5c00000,0x00000000e1900000,0x00000000e1900000)
  from space 39936K, 100% used [0x00000000e1900000,0x00000000e4000000,0x00000000e4000000)
  to   space 53248K, 0% used [0x00000000ebe80000,0x00000000ebe80000,0x00000000ef280000)
 ParOldGen       total 87552K, used 67607K [0x0000000081400000, 0x0000000086980000, 0x00000000d5c00000)
  object space 87552K, 77% used [0x0000000081400000,0x0000000085605c18,0x0000000086980000)
 Metaspace       used 20374K, capacity 20588K, committed 20992K, reserved 1067008K
  class space    used 2404K, capacity 2466K, committed 2560K, reserved 1048576K
Event: 14.140 GC heap after
Heap after GC invocations=12 (full 0):
 PSYoungGen      total 352768K, used 53248K [0x00000000d5c00000, 0x00000000f0680000, 0x0000000100000000)
  eden space 299520K, 0% used [0x00000000d5c00000,0x00000000d5c00000,0x00000000e8080000)
  from space 53248K, 100% used [0x00000000ebe80000,0x00000000ef280000,0x00000000ef280000)
  to   space 63488K, 0% used [0x00000000e8080000,0x00000000e8080000,0x00000000ebe80000)
 ParOldGen       total 87552K, used 69727K [0x0000000081400000, 0x0000000086980000, 0x00000000d5c00000)
  object space 87552K, 79% used [0x0000000081400000,0x0000000085817c18,0x0000000086980000)
 Metaspace       used 20374K, capacity 20588K, committed 20992K, reserved 1067008K
  class space    used 2404K, capacity 2466K, committed 2560K, reserved 1048576K
}
Event: 14.140 GC heap before
{Heap before GC invocations=13 (full 1):
 PSYoungGen      total 352768K, used 53248K [0x00000000d5c00000, 0x00000000f0680000, 0x0000000100000000)
  eden space 299520K, 0% used [0x00000000d5c00000,0x00000000d5c00000,0x00000000e8080000)
  from space 53248K, 100% used [0x00000000ebe80000,0x00000000ef280000,0x00000000ef280000)
  to   space 63488K, 0% used [0x00000000e8080000,0x00000000e8080000,0x00000000ebe80000)
 ParOldGen       total 87552K, used 69727K [0x0000000081400000, 0x0000000086980000, 0x00000000d5c00000)
  object space 87552K, 79% used [0x0000000081400000,0x0000000085817c18,0x0000000086980000)
 Metaspace       used 20374K, capacity 20588K, committed 20992K, reserved 1067008K
  class space    used 2404K, capacity 2466K, committed 2560K, reserved 1048576K
Event: 14.368 GC heap after
Heap after GC invocations=13 (full 1):
 PSYoungGen      total 352768K, used 0K [0x00000000d5c00000, 0x00000000f0680000, 0x0000000100000000)
  eden space 299520K, 0% used [0x00000000d5c00000,0x00000000d5c00000,0x00000000e8080000)
  from space 53248K, 0% used [0x00000000ebe80000,0x00000000ebe80000,0x00000000ef280000)
  to   space 63488K, 0% used [0x00000000e8080000,0x00000000e8080000,0x00000000ebe80000)
 ParOldGen       total 125952K, used 64115K [0x0000000081400000, 0x0000000088f00000, 0x00000000d5c00000)
  object space 125952K, 50% used [0x0000000081400000,0x000000008529cf88,0x0000000088f00000)
 Metaspace       used 20374K, capacity 20588K, committed 20992K, reserved 1067008K
  class space    used 2404K, capacity 2466K, committed 2560K, reserved 1048576K
}
Event: 17.530 GC heap before
{Heap before GC invocations=14 (full 1):
 PSYoungGen      total 352768K, used 299520K [0x00000000d5c00000, 0x00000000f0680000, 0x0000000100000000)
  eden space 299520K, 100% used [0x00000000d5c00000,0x00000000e8080000,0x00000000e8080000)
  from space 53248K, 0% used [0x00000000ebe80000,0x00000000ebe80000,0x00000000ef280000)
  to   space 63488K, 0% used [0x00000000e8080000,0x00000000e8080000,0x00000000ebe80000)
 ParOldGen       total 125952K, used 64115K [0x0000000081400000, 0x0000000088f00000, 0x00000000d5c00000)
  object space 125952K, 50% used [0x0000000081400000,0x000000008529cf88,0x0000000088f00000)
 Metaspace       used 20374K, capacity 20588K, committed 20992K, reserved 1067008K
  class space    used 2404K, capacity 2466K, committed 2560K, reserved 1048576K
Event: 17.735 GC heap after
Heap after GC invocations=14 (full 1):
 PSYoungGen      total 363008K, used 63488K [0x00000000d5c00000, 0x00000000fa880000, 0x0000000100000000)
  eden space 299520K, 0% used [0x00000000d5c00000,0x00000000d5c00000,0x00000000e8080000)
  from space 63488K, 100% used [0x00000000e8080000,0x00000000ebe80000,0x00000000ebe80000)
  to   space 84992K, 0% used [0x00000000f5580000,0x00000000f5580000,0x00000000fa880000)
 ParOldGen       total 125952K, used 92869K [0x0000000081400000, 0x0000000088f00000, 0x00000000d5c00000)
  object space 125952K, 73% used [0x0000000081400000,0x0000000086eb1688,0x0000000088f00000)
 Metaspace       used 20374K, capacity 20588K, committed 20992K, reserved 1067008K
  class space    used 2404K, capacity 2466K, committed 2560K, reserved 1048576K
}

